[2020-02-04T11:12:01.700] [DEBUG] cheese - login => username:admin,password:111111111
[2020-02-04T11:12:01.703] [DEBUG] cheese - admin
[2020-02-04T11:12:01.722] [DEBUG] cheese - null
[2020-02-04T11:12:01.722] [DEBUG] cheese - null
[2020-02-04T11:12:23.463] [DEBUG] cheese - login => username:admin,password:123456
[2020-02-04T11:12:23.463] [DEBUG] cheese - admin
[2020-02-04T11:12:23.466] [DEBUG] cheese - null
[2020-02-04T11:12:23.466] [DEBUG] cheese - null
[2020-02-04T12:08:31.689] [DEBUG] cheese - login => username:admin,password:123456
[2020-02-04T12:08:31.690] [DEBUG] cheese - admin
[2020-02-04T12:08:31.699] [DEBUG] cheese - null
[2020-02-04T12:08:31.699] [DEBUG] cheese - null
[2020-02-04T12:30:35.404] [DEBUG] cheese - login => username:admi,password:123456
[2020-02-04T12:30:35.405] [DEBUG] cheese - admi
[2020-02-04T12:30:35.421] [DEBUG] cheese - null
[2020-02-04T12:30:35.421] [DEBUG] cheese - null
[2020-02-04T12:30:46.284] [DEBUG] cheese - login => username:admio,password:123456
[2020-02-04T12:30:46.284] [DEBUG] cheese - admio
[2020-02-04T12:30:46.287] [DEBUG] cheese - null
[2020-02-04T12:30:46.287] [DEBUG] cheese - null
[2020-02-04T12:30:56.652] [DEBUG] cheese - login => username:admin,password:123456dsfsd
[2020-02-04T12:30:56.652] [DEBUG] cheese - admin
[2020-02-04T12:30:56.655] [DEBUG] cheese - null
[2020-02-04T12:30:56.655] [DEBUG] cheese - null
[2020-02-04T12:32:11.374] [DEBUG] cheese - login => username:ffdssdds,password:123456dsfsd
[2020-02-04T12:32:11.374] [DEBUG] cheese - ffdssdds
[2020-02-04T12:32:11.377] [DEBUG] cheese - null
[2020-02-04T12:32:11.377] [DEBUG] cheese - null
[2020-02-04T12:57:04.663] [DEBUG] cheese - login => username:admin,password:123456
[2020-02-04T12:57:04.664] [DEBUG] cheese - admin
[2020-02-04T12:57:04.668] [DEBUG] cheese - null
[2020-02-04T12:57:04.668] [DEBUG] cheese - null
[2020-02-04T20:18:00.477] [DEBUG] cheese - login => username:admin,password:123456
[2020-02-04T20:18:00.480] [DEBUG] cheese - admin
[2020-02-04T20:18:00.498] [DEBUG] cheese - null
[2020-02-04T20:18:00.499] [DEBUG] cheese - null
[2020-02-04T20:49:23.238] [DEBUG] cheese - login => username:admin,password:123456
[2020-02-04T20:49:23.239] [DEBUG] cheese - admin
[2020-02-04T20:49:23.243] [DEBUG] cheese - null
[2020-02-04T20:49:23.243] [DEBUG] cheese - null
[2020-02-04T21:48:15.533] [DEBUG] cheese - login => username:admin,password:123456
[2020-02-04T21:48:15.533] [DEBUG] cheese - admin
[2020-02-04T21:48:15.537] [DEBUG] cheese - null
[2020-02-04T21:48:15.537] [DEBUG] cheese - null
[2020-02-05T16:39:02.184] [DEBUG] cheese - login => username:admin,password:123456
[2020-02-05T16:39:02.185] [DEBUG] cheese - admin
[2020-02-05T16:39:02.211] [DEBUG] cheese - null
[2020-02-05T16:39:02.211] [DEBUG] cheese - null
[2020-02-05T17:18:24.198] [DEBUG] cheese - login => username:admin,password:123456
[2020-02-05T17:18:24.198] [DEBUG] cheese - admin
[2020-02-05T17:18:24.202] [DEBUG] cheese - null
[2020-02-05T17:18:24.202] [DEBUG] cheese - null
[2020-02-05T17:18:56.098] [DEBUG] cheese - login => username:admin,password:123456
[2020-02-05T17:18:56.098] [DEBUG] cheese - admin
[2020-02-05T17:18:56.102] [DEBUG] cheese - null
[2020-02-05T17:18:56.102] [DEBUG] cheese - null
[2020-02-05T17:19:31.851] [DEBUG] cheese - login => username:admin,password:123456
[2020-02-05T17:19:31.851] [DEBUG] cheese - admin
[2020-02-05T17:19:31.854] [DEBUG] cheese - null
[2020-02-05T17:19:31.854] [DEBUG] cheese - null
[2020-02-05T18:24:29.625] [DEBUG] cheese - login => username:admin,password:123456
[2020-02-05T18:24:29.625] [DEBUG] cheese - admin
[2020-02-05T18:24:29.634] [DEBUG] cheese - null
[2020-02-05T18:24:29.634] [DEBUG] cheese - null
[2020-02-05T18:26:00.423] [DEBUG] cheese - login => username:admin,password:123456
[2020-02-05T18:26:00.423] [DEBUG] cheese - admin
[2020-02-05T18:26:00.426] [DEBUG] cheese - null
[2020-02-05T18:26:00.426] [DEBUG] cheese - null
[2020-02-05T18:26:24.134] [DEBUG] cheese - login => username:admin,password:123456
[2020-02-05T18:26:24.135] [DEBUG] cheese - admin
[2020-02-05T18:26:24.138] [DEBUG] cheese - null
[2020-02-05T18:26:24.138] [DEBUG] cheese - null
[2020-02-29T12:55:28.816] [DEBUG] cheese - login => username:admin,password:123456
[2020-02-29T12:55:28.820] [DEBUG] cheese - admin
[2020-02-29T12:55:28.929] [DEBUG] cheese - null
[2020-02-29T12:55:28.929] [DEBUG] cheese - null
[2020-02-29T19:39:15.316] [DEBUG] cheese - login => username:admin,password:123456
[2020-02-29T19:39:15.325] [DEBUG] cheese - admin
[2020-02-29T19:39:15.340] [DEBUG] cheese - null
[2020-02-29T19:39:15.342] [DEBUG] cheese - null
[2020-02-29T19:40:38.615] [DEBUG] cheese - login => username:admin,password:123456
[2020-02-29T19:40:38.615] [DEBUG] cheese - admin
[2020-02-29T19:40:38.622] [DEBUG] cheese - null
[2020-02-29T19:40:38.622] [DEBUG] cheese - null
[2020-03-05T12:27:21.152] [DEBUG] cheese - login => username:admin,password:123456
[2020-03-05T12:27:21.155] [DEBUG] cheese - admin
[2020-03-05T12:27:21.175] [DEBUG] cheese - null
[2020-03-05T12:27:21.176] [DEBUG] cheese - null
[2020-03-06T11:36:35.333] [DEBUG] cheese - login => username:admin,password:123456
[2020-03-06T11:36:35.337] [DEBUG] cheese - admin
[2020-03-06T11:36:35.359] [DEBUG] cheese - null
[2020-03-06T11:36:35.360] [DEBUG] cheese - null
[2020-03-06T14:19:41.158] [DEBUG] cheese - null
[2020-03-06T14:24:51.118] [DEBUG] cheese - null
[2020-03-06T14:28:27.012] [DEBUG] cheese - null
[2020-03-06T14:28:44.734] [DEBUG] cheese - null
[2020-03-06T19:08:35.435] [DEBUG] cheese - login => username:admin,password:123456
[2020-03-06T19:08:35.435] [DEBUG] cheese - admin
[2020-03-06T19:08:35.441] [DEBUG] cheese - null
[2020-03-06T19:08:35.441] [DEBUG] cheese - null
[2020-03-07T15:15:49.955] [DEBUG] cheese - login => username:admin,password:123456
[2020-03-07T15:15:49.958] [DEBUG] cheese - admin
[2020-03-07T15:15:49.980] [DEBUG] cheese - null
[2020-03-07T15:15:49.980] [DEBUG] cheese - null
[2020-03-08T14:16:36.915] [DEBUG] cheese - login => username:admin,password:123456
[2020-03-08T14:16:36.917] [DEBUG] cheese - admin
[2020-03-08T14:16:36.934] [DEBUG] cheese - null
[2020-03-08T14:16:36.934] [DEBUG] cheese - null
[2020-03-10T11:35:19.062] [DEBUG] cheese - login => username:admin,password:123456
[2020-03-10T11:35:19.064] [DEBUG] cheese - admin
[2020-03-10T11:35:19.079] [DEBUG] cheese - null
[2020-03-10T11:35:19.079] [DEBUG] cheese - null
[2020-03-10T11:35:44.620] [DEBUG] cheese - login => username:admin,password:123456
[2020-03-10T11:35:44.620] [DEBUG] cheese - admin
[2020-03-10T11:35:44.623] [DEBUG] cheese - null
[2020-03-10T11:35:44.623] [DEBUG] cheese - null
[2020-03-11T13:58:35.783] [DEBUG] cheese - login => username:admin,password:123456
[2020-03-11T13:58:35.786] [DEBUG] cheese - admin
[2020-03-11T13:58:35.809] [DEBUG] cheese - null
[2020-03-11T13:58:35.809] [DEBUG] cheese - null
[2020-03-12T15:20:18.734] [DEBUG] cheese - login => username:admin,password:123456
[2020-03-12T15:20:18.736] [DEBUG] cheese - admin
[2020-03-12T15:20:18.747] [DEBUG] cheese - null
[2020-03-12T15:20:18.748] [DEBUG] cheese - null
[2020-03-12T16:27:04.574] [DEBUG] cheese - null
[2020-03-18T12:47:27.251] [DEBUG] cheese - login => username:admin,password:123456
[2020-03-18T12:47:27.253] [DEBUG] cheese - admin
[2020-03-18T12:47:27.295] [DEBUG] cheese - null
[2020-03-18T12:47:27.295] [DEBUG] cheese - null
[2020-03-19T13:42:42.949] [DEBUG] cheese - login => username:admin,password:123456
[2020-03-19T13:42:42.956] [DEBUG] cheese - admin
[2020-03-19T13:42:42.971] [DEBUG] cheese - null
[2020-03-19T13:42:42.972] [DEBUG] cheese - null
[2020-03-19T16:46:18.479] [DEBUG] cheese - login => username:admin,password:123456
[2020-03-19T16:46:18.482] [DEBUG] cheese - admin
[2020-03-19T16:46:18.489] [DEBUG] cheese - null
[2020-03-19T16:46:18.489] [DEBUG] cheese - null
[2020-03-19T17:11:18.005] [DEBUG] cheese - login => username:admin,password:123456
[2020-03-19T17:11:18.005] [DEBUG] cheese - admin
[2020-03-19T17:11:18.008] [DEBUG] cheese - null
[2020-03-19T17:11:18.009] [DEBUG] cheese - null
[2020-03-19T17:30:31.521] [DEBUG] cheese - login => username:admin,password:123456
[2020-03-19T17:30:31.521] [DEBUG] cheese - admin
[2020-03-19T17:30:31.528] [DEBUG] cheese - null
[2020-03-19T17:30:31.528] [DEBUG] cheese - null
[2020-03-19T17:37:31.897] [DEBUG] cheese - login => username:admin,password:123456
[2020-03-19T17:37:31.897] [DEBUG] cheese - admin
[2020-03-19T17:37:31.902] [DEBUG] cheese - null
[2020-03-19T17:37:31.902] [DEBUG] cheese - null
[2020-03-19T17:53:22.591] [DEBUG] cheese - login => username:admin,password:123456
[2020-03-19T17:53:22.591] [DEBUG] cheese - admin
[2020-03-19T17:53:22.594] [DEBUG] cheese - null
[2020-03-19T17:53:22.594] [DEBUG] cheese - null
[2020-03-19T18:04:40.251] [DEBUG] cheese - login => username:admin,password:123456
[2020-03-19T18:04:40.251] [DEBUG] cheese - admin
[2020-03-19T18:04:40.257] [DEBUG] cheese - null
[2020-03-19T18:04:40.257] [DEBUG] cheese - null
[2020-04-29T17:08:19.846] [DEBUG] cheese - login => username:admin,password:123456
[2020-04-29T17:08:19.847] [DEBUG] cheese - admin
[2020-04-29T17:08:19.867] [DEBUG] cheese - null
[2020-04-29T17:08:19.868] [DEBUG] cheese - null
[2020-04-29T17:31:08.989] [DEBUG] cheese - login => username:admin,password:123456
[2020-04-29T17:31:08.992] [DEBUG] cheese - admin
[2020-04-29T17:31:09.011] [DEBUG] cheese - null
[2020-04-29T17:31:09.012] [DEBUG] cheese - null
[2020-04-29T17:32:17.332] [DEBUG] cheese - login => username:admin,password:123456
[2020-04-29T17:32:17.333] [DEBUG] cheese - admin
[2020-04-29T17:32:17.341] [DEBUG] cheese - null
[2020-04-29T17:32:17.341] [DEBUG] cheese - null
